{"/home/ibrahim/Documents/testing-123/todo-list/src/helperFuncs.js": {"path":"/home/ibrahim/Documents/testing-123/todo-list/src/helperFuncs.js","statementMap":{"0":{"start":{"line":2,"column":29},"end":{"line":11,"column":5}},"1":{"start":{"line":3,"column":23},"end":{"line":3,"column":72}},"2":{"start":{"line":4,"column":6},"end":{"line":10,"column":9}},"3":{"start":{"line":5,"column":8},"end":{"line":9,"column":11}},"4":{"start":{"line":6,"column":23},"end":{"line":6,"column":69}},"5":{"start":{"line":7,"column":10},"end":{"line":7,"column":48}},"6":{"start":{"line":8,"column":10},"end":{"line":8,"column":68}},"7":{"start":{"line":13,"column":34},"end":{"line":20,"column":5}},"8":{"start":{"line":14,"column":24},"end":{"line":14,"column":63}},"9":{"start":{"line":15,"column":6},"end":{"line":19,"column":9}},"10":{"start":{"line":16,"column":8},"end":{"line":18,"column":11}},"11":{"start":{"line":17,"column":10},"end":{"line":17,"column":93}},"12":{"start":{"line":22,"column":24},"end":{"line":28,"column":5}},"13":{"start":{"line":23,"column":17},"end":{"line":23,"column":68}},"14":{"start":{"line":24,"column":19},"end":{"line":24,"column":37}},"15":{"start":{"line":25,"column":6},"end":{"line":25,"column":39}},"16":{"start":{"line":26,"column":6},"end":{"line":26,"column":35}},"17":{"start":{"line":27,"column":6},"end":{"line":27,"column":85}},"18":{"start":{"line":30,"column":32},"end":{"line":43,"column":5}},"19":{"start":{"line":31,"column":25},"end":{"line":31,"column":59}},"20":{"start":{"line":33,"column":6},"end":{"line":38,"column":10}},"21":{"start":{"line":33,"column":40},"end":{"line":38,"column":8}},"22":{"start":{"line":34,"column":8},"end":{"line":37,"column":9}},"23":{"start":{"line":35,"column":10},"end":{"line":35,"column":33}},"24":{"start":{"line":36,"column":10},"end":{"line":36,"column":46}},"25":{"start":{"line":40,"column":6},"end":{"line":42,"column":10}},"26":{"start":{"line":40,"column":40},"end":{"line":42,"column":8}},"27":{"start":{"line":41,"column":8},"end":{"line":41,"column":44}},"28":{"start":{"line":45,"column":29},"end":{"line":66,"column":5}},"29":{"start":{"line":46,"column":25},"end":{"line":46,"column":64}},"30":{"start":{"line":47,"column":25},"end":{"line":47,"column":59}},"31":{"start":{"line":49,"column":6},"end":{"line":65,"column":9}},"32":{"start":{"line":50,"column":8},"end":{"line":64,"column":11}},"33":{"start":{"line":51,"column":10},"end":{"line":56,"column":13}},"34":{"start":{"line":52,"column":12},"end":{"line":52,"column":38}},"35":{"start":{"line":53,"column":12},"end":{"line":53,"column":64}},"36":{"start":{"line":54,"column":12},"end":{"line":54,"column":88}},"37":{"start":{"line":55,"column":12},"end":{"line":55,"column":84}},"38":{"start":{"line":57,"column":10},"end":{"line":57,"column":62}},"39":{"start":{"line":58,"column":23},"end":{"line":58,"column":69}},"40":{"start":{"line":59,"column":31},"end":{"line":59,"column":81}},"41":{"start":{"line":60,"column":10},"end":{"line":60,"column":32}},"42":{"start":{"line":61,"column":10},"end":{"line":61,"column":23}},"43":{"start":{"line":62,"column":10},"end":{"line":62,"column":50}},"44":{"start":{"line":63,"column":10},"end":{"line":63,"column":50}}},"fnMap":{"0":{"name":"(anonymous_0)","decl":{"start":{"line":2,"column":29},"end":{"line":2,"column":30}},"loc":{"start":{"line":2,"column":44},"end":{"line":11,"column":5}},"line":2},"1":{"name":"(anonymous_1)","decl":{"start":{"line":4,"column":23},"end":{"line":4,"column":24}},"loc":{"start":{"line":4,"column":32},"end":{"line":10,"column":7}},"line":4},"2":{"name":"(anonymous_2)","decl":{"start":{"line":5,"column":39},"end":{"line":5,"column":40}},"loc":{"start":{"line":5,"column":50},"end":{"line":9,"column":9}},"line":5},"3":{"name":"(anonymous_3)","decl":{"start":{"line":13,"column":34},"end":{"line":13,"column":35}},"loc":{"start":{"line":13,"column":49},"end":{"line":20,"column":5}},"line":13},"4":{"name":"(anonymous_4)","decl":{"start":{"line":15,"column":24},"end":{"line":15,"column":25}},"loc":{"start":{"line":15,"column":33},"end":{"line":19,"column":7}},"line":15},"5":{"name":"(anonymous_5)","decl":{"start":{"line":16,"column":38},"end":{"line":16,"column":39}},"loc":{"start":{"line":16,"column":49},"end":{"line":18,"column":9}},"line":16},"6":{"name":"(anonymous_6)","decl":{"start":{"line":22,"column":24},"end":{"line":22,"column":25}},"loc":{"start":{"line":22,"column":46},"end":{"line":28,"column":5}},"line":22},"7":{"name":"(anonymous_7)","decl":{"start":{"line":30,"column":32},"end":{"line":30,"column":33}},"loc":{"start":{"line":30,"column":47},"end":{"line":43,"column":5}},"line":30},"8":{"name":"(anonymous_8)","decl":{"start":{"line":33,"column":25},"end":{"line":33,"column":26}},"loc":{"start":{"line":33,"column":40},"end":{"line":38,"column":8}},"line":33},"9":{"name":"(anonymous_9)","decl":{"start":{"line":33,"column":79},"end":{"line":33,"column":80}},"loc":{"start":{"line":33,"column":90},"end":{"line":38,"column":7}},"line":33},"10":{"name":"(anonymous_10)","decl":{"start":{"line":40,"column":25},"end":{"line":40,"column":26}},"loc":{"start":{"line":40,"column":40},"end":{"line":42,"column":8}},"line":40},"11":{"name":"(anonymous_11)","decl":{"start":{"line":40,"column":77},"end":{"line":40,"column":78}},"loc":{"start":{"line":40,"column":88},"end":{"line":42,"column":7}},"line":40},"12":{"name":"(anonymous_12)","decl":{"start":{"line":45,"column":29},"end":{"line":45,"column":30}},"loc":{"start":{"line":45,"column":35},"end":{"line":66,"column":5}},"line":45},"13":{"name":"(anonymous_13)","decl":{"start":{"line":49,"column":25},"end":{"line":49,"column":26}},"loc":{"start":{"line":49,"column":40},"end":{"line":65,"column":7}},"line":49},"14":{"name":"(anonymous_14)","decl":{"start":{"line":50,"column":44},"end":{"line":50,"column":45}},"loc":{"start":{"line":50,"column":55},"end":{"line":64,"column":9}},"line":50},"15":{"name":"(anonymous_15)","decl":{"start":{"line":51,"column":29},"end":{"line":51,"column":30}},"loc":{"start":{"line":51,"column":44},"end":{"line":56,"column":11}},"line":51}},"branchMap":{"0":{"loc":{"start":{"line":34,"column":8},"end":{"line":37,"column":9}},"type":"if","locations":[{"start":{"line":34,"column":8},"end":{"line":37,"column":9}},{"start":{},"end":{}}],"line":34}},"s":{"0":1,"1":5,"2":5,"3":9,"4":0,"5":0,"6":0,"7":1,"8":5,"9":5,"10":9,"11":0,"12":1,"13":0,"14":0,"15":0,"16":0,"17":0,"18":1,"19":5,"20":5,"21":9,"22":0,"23":0,"24":0,"25":5,"26":9,"27":0,"28":1,"29":5,"30":5,"31":5,"32":9,"33":0,"34":0,"35":0,"36":0,"37":0,"38":0,"39":0,"40":0,"41":0,"42":0,"43":0,"44":0},"f":{"0":5,"1":9,"2":0,"3":5,"4":9,"5":0,"6":0,"7":5,"8":9,"9":0,"10":9,"11":0,"12":5,"13":9,"14":0,"15":0},"b":{"0":[0,0]},"_coverageSchema":"1a1c01bbd47fc00a2c39e90264f33305004495a9","hash":"ad115d2c33a58d1e6afad4d47e2ff116cafff2e7"}
,"/home/ibrahim/Documents/testing-123/todo-list/src/taskStore.js": {"path":"/home/ibrahim/Documents/testing-123/todo-list/src/taskStore.js","statementMap":{"0":{"start":{"line":5,"column":4},"end":{"line":5,"column":69}},"1":{"start":{"line":8,"column":12},"end":{"line":12,"column":3}},"2":{"start":{"line":9,"column":4},"end":{"line":9,"column":83}},"3":{"start":{"line":10,"column":4},"end":{"line":10,"column":32}},"4":{"start":{"line":11,"column":4},"end":{"line":11,"column":25}},"5":{"start":{"line":14,"column":15},"end":{"line":23,"column":3}},"6":{"start":{"line":15,"column":4},"end":{"line":17,"column":5}},"7":{"start":{"line":16,"column":6},"end":{"line":16,"column":78}},"8":{"start":{"line":16,"column":52},"end":{"line":16,"column":76}},"9":{"start":{"line":18,"column":4},"end":{"line":18,"column":59}},"10":{"start":{"line":18,"column":23},"end":{"line":18,"column":59}},"11":{"start":{"line":20,"column":4},"end":{"line":20,"column":29}},"12":{"start":{"line":21,"column":4},"end":{"line":21,"column":32}},"13":{"start":{"line":22,"column":4},"end":{"line":22,"column":25}},"14":{"start":{"line":25,"column":13},"end":{"line":32,"column":3}},"15":{"start":{"line":26,"column":4},"end":{"line":29,"column":7}},"16":{"start":{"line":27,"column":6},"end":{"line":27,"column":68}},"17":{"start":{"line":27,"column":44},"end":{"line":27,"column":68}},"18":{"start":{"line":28,"column":6},"end":{"line":28,"column":18}},"19":{"start":{"line":30,"column":4},"end":{"line":30,"column":32}},"20":{"start":{"line":31,"column":4},"end":{"line":31,"column":25}},"21":{"start":{"line":34,"column":22},"end":{"line":39,"column":3}},"22":{"start":{"line":35,"column":4},"end":{"line":38,"column":7}},"23":{"start":{"line":36,"column":6},"end":{"line":36,"column":29}},"24":{"start":{"line":37,"column":6},"end":{"line":37,"column":18}},"25":{"start":{"line":41,"column":17},"end":{"line":48,"column":3}},"26":{"start":{"line":42,"column":4},"end":{"line":46,"column":5}},"27":{"start":{"line":43,"column":6},"end":{"line":43,"column":48}},"28":{"start":{"line":45,"column":6},"end":{"line":45,"column":47}},"29":{"start":{"line":47,"column":4},"end":{"line":47,"column":32}},"30":{"start":{"line":50,"column":13},"end":{"line":50,"column":29}},"31":{"start":{"line":50,"column":19},"end":{"line":50,"column":29}},"32":{"start":{"line":52,"column":18},"end":{"line":71,"column":3}},"33":{"start":{"line":53,"column":26},"end":{"line":53,"column":62}},"34":{"start":{"line":54,"column":4},"end":{"line":54,"column":33}},"35":{"start":{"line":55,"column":4},"end":{"line":63,"column":7}},"36":{"start":{"line":56,"column":6},"end":{"line":62,"column":13}},"37":{"start":{"line":65,"column":4},"end":{"line":70,"column":5}},"38":{"start":{"line":66,"column":6},"end":{"line":66,"column":35}},"39":{"start":{"line":67,"column":6},"end":{"line":67,"column":40}},"40":{"start":{"line":68,"column":6},"end":{"line":68,"column":38}},"41":{"start":{"line":69,"column":6},"end":{"line":69,"column":31}},"42":{"start":{"line":73,"column":25},"end":{"line":75,"column":3}},"43":{"start":{"line":74,"column":4},"end":{"line":74,"column":71}}},"fnMap":{"0":{"name":"(anonymous_0)","decl":{"start":{"line":4,"column":2},"end":{"line":4,"column":3}},"loc":{"start":{"line":4,"column":16},"end":{"line":6,"column":3}},"line":4},"1":{"name":"(anonymous_1)","decl":{"start":{"line":8,"column":12},"end":{"line":8,"column":13}},"loc":{"start":{"line":8,"column":48},"end":{"line":12,"column":3}},"line":8},"2":{"name":"(anonymous_2)","decl":{"start":{"line":14,"column":15},"end":{"line":14,"column":16}},"loc":{"start":{"line":14,"column":50},"end":{"line":23,"column":3}},"line":14},"3":{"name":"(anonymous_3)","decl":{"start":{"line":16,"column":42},"end":{"line":16,"column":43}},"loc":{"start":{"line":16,"column":52},"end":{"line":16,"column":76}},"line":16},"4":{"name":"(anonymous_4)","decl":{"start":{"line":25,"column":13},"end":{"line":25,"column":14}},"loc":{"start":{"line":25,"column":31},"end":{"line":32,"column":3}},"line":25},"5":{"name":"(anonymous_5)","decl":{"start":{"line":26,"column":37},"end":{"line":26,"column":38}},"loc":{"start":{"line":26,"column":47},"end":{"line":29,"column":5}},"line":26},"6":{"name":"(anonymous_6)","decl":{"start":{"line":34,"column":22},"end":{"line":34,"column":23}},"loc":{"start":{"line":34,"column":28},"end":{"line":39,"column":3}},"line":34},"7":{"name":"(anonymous_7)","decl":{"start":{"line":35,"column":37},"end":{"line":35,"column":38}},"loc":{"start":{"line":35,"column":54},"end":{"line":38,"column":5}},"line":35},"8":{"name":"(anonymous_8)","decl":{"start":{"line":41,"column":17},"end":{"line":41,"column":18}},"loc":{"start":{"line":41,"column":34},"end":{"line":48,"column":3}},"line":41},"9":{"name":"(anonymous_9)","decl":{"start":{"line":50,"column":13},"end":{"line":50,"column":14}},"loc":{"start":{"line":50,"column":19},"end":{"line":50,"column":29}},"line":50},"10":{"name":"(anonymous_10)","decl":{"start":{"line":52,"column":18},"end":{"line":52,"column":19}},"loc":{"start":{"line":52,"column":24},"end":{"line":71,"column":3}},"line":52},"11":{"name":"(anonymous_11)","decl":{"start":{"line":55,"column":28},"end":{"line":55,"column":29}},"loc":{"start":{"line":55,"column":38},"end":{"line":63,"column":5}},"line":55},"12":{"name":"(anonymous_12)","decl":{"start":{"line":73,"column":25},"end":{"line":73,"column":26}},"loc":{"start":{"line":73,"column":31},"end":{"line":75,"column":3}},"line":73}},"branchMap":{"0":{"loc":{"start":{"line":5,"column":17},"end":{"line":5,"column":68}},"type":"binary-expr","locations":[{"start":{"line":5,"column":17},"end":{"line":5,"column":62}},{"start":{"line":5,"column":66},"end":{"line":5,"column":68}}],"line":5},"1":{"loc":{"start":{"line":8,"column":26},"end":{"line":8,"column":43}},"type":"default-arg","locations":[{"start":{"line":8,"column":38},"end":{"line":8,"column":43}}],"line":8},"2":{"loc":{"start":{"line":14,"column":16},"end":{"line":14,"column":29}},"type":"default-arg","locations":[{"start":{"line":14,"column":24},"end":{"line":14,"column":29}}],"line":14},"3":{"loc":{"start":{"line":14,"column":31},"end":{"line":14,"column":45}},"type":"default-arg","locations":[{"start":{"line":14,"column":43},"end":{"line":14,"column":45}}],"line":14},"4":{"loc":{"start":{"line":15,"column":4},"end":{"line":17,"column":5}},"type":"if","locations":[{"start":{"line":15,"column":4},"end":{"line":17,"column":5}},{"start":{},"end":{}}],"line":15},"5":{"loc":{"start":{"line":18,"column":4},"end":{"line":18,"column":59}},"type":"if","locations":[{"start":{"line":18,"column":4},"end":{"line":18,"column":59}},{"start":{},"end":{}}],"line":18},"6":{"loc":{"start":{"line":27,"column":6},"end":{"line":27,"column":68}},"type":"if","locations":[{"start":{"line":27,"column":6},"end":{"line":27,"column":68}},{"start":{},"end":{}}],"line":27},"7":{"loc":{"start":{"line":27,"column":10},"end":{"line":27,"column":42}},"type":"binary-expr","locations":[{"start":{"line":27,"column":10},"end":{"line":27,"column":27}},{"start":{"line":27,"column":31},"end":{"line":27,"column":42}}],"line":27},"8":{"loc":{"start":{"line":42,"column":4},"end":{"line":46,"column":5}},"type":"if","locations":[{"start":{"line":42,"column":4},"end":{"line":46,"column":5}},{"start":{"line":44,"column":11},"end":{"line":46,"column":5}}],"line":42},"9":{"loc":{"start":{"line":57,"column":50},"end":{"line":57,"column":81}},"type":"cond-expr","locations":[{"start":{"line":57,"column":67},"end":{"line":57,"column":76}},{"start":{"line":57,"column":79},"end":{"line":57,"column":81}}],"line":57},"10":{"loc":{"start":{"line":58,"column":58},"end":{"line":58,"column":94}},"type":"cond-expr","locations":[{"start":{"line":58,"column":75},"end":{"line":58,"column":89}},{"start":{"line":58,"column":92},"end":{"line":58,"column":94}}],"line":58},"11":{"loc":{"start":{"line":65,"column":4},"end":{"line":70,"column":5}},"type":"if","locations":[{"start":{"line":65,"column":4},"end":{"line":70,"column":5}},{"start":{},"end":{}}],"line":65}},"s":{"0":1,"1":1,"2":3,"3":3,"4":3,"5":1,"6":3,"7":0,"8":0,"9":3,"10":3,"11":3,"12":3,"13":3,"14":1,"15":0,"16":0,"17":0,"18":0,"19":0,"20":0,"21":1,"22":3,"23":3,"24":3,"25":1,"26":0,"27":0,"28":0,"29":0,"30":1,"31":24,"32":1,"33":6,"34":6,"35":6,"36":9,"37":6,"38":5,"39":5,"40":5,"41":5,"42":1,"43":6},"f":{"0":1,"1":3,"2":3,"3":0,"4":0,"5":0,"6":3,"7":3,"8":0,"9":24,"10":6,"11":9,"12":6},"b":{"0":[1,1],"1":[3],"2":[0],"3":[0],"4":[0,3],"5":[3,0],"6":[0,0],"7":[0,0],"8":[0,0],"9":[0,9],"10":[0,9],"11":[5,1]},"_coverageSchema":"1a1c01bbd47fc00a2c39e90264f33305004495a9","hash":"ecf6d37f74a353050f5f1a91a679f48fc38daded"}
}
