TN:
SF:src/helperFuncs.js
FN:2,(anonymous_0)
FN:4,(anonymous_1)
FN:5,(anonymous_2)
FN:13,(anonymous_3)
FN:15,(anonymous_4)
FN:16,(anonymous_5)
FN:22,(anonymous_6)
FN:30,(anonymous_7)
FN:33,(anonymous_8)
FN:33,(anonymous_9)
FN:40,(anonymous_10)
FN:40,(anonymous_11)
FN:45,(anonymous_12)
FN:49,(anonymous_13)
FN:50,(anonymous_14)
FN:51,(anonymous_15)
FNF:16
FNH:9
FNDA:10,(anonymous_0)
FNDA:18,(anonymous_1)
FNDA:0,(anonymous_2)
FNDA:10,(anonymous_3)
FNDA:18,(anonymous_4)
FNDA:0,(anonymous_5)
FNDA:0,(anonymous_6)
FNDA:10,(anonymous_7)
FNDA:18,(anonymous_8)
FNDA:0,(anonymous_9)
FNDA:18,(anonymous_10)
FNDA:0,(anonymous_11)
FNDA:10,(anonymous_12)
FNDA:18,(anonymous_13)
FNDA:0,(anonymous_14)
FNDA:0,(anonymous_15)
DA:2,2
DA:3,10
DA:4,10
DA:5,18
DA:6,0
DA:7,0
DA:8,0
DA:13,2
DA:14,10
DA:15,10
DA:16,18
DA:17,0
DA:22,2
DA:23,0
DA:24,0
DA:25,0
DA:26,0
DA:27,0
DA:30,2
DA:31,10
DA:33,18
DA:34,0
DA:35,0
DA:36,0
DA:40,18
DA:41,0
DA:45,2
DA:46,10
DA:47,10
DA:49,10
DA:50,18
DA:51,0
DA:52,0
DA:53,0
DA:54,0
DA:55,0
DA:57,0
DA:58,0
DA:59,0
DA:60,0
DA:61,0
DA:62,0
DA:63,0
LF:43
LH:18
BRDA:34,0,0,0
BRDA:34,0,1,0
BRF:2
BRH:0
end_of_record
TN:
SF:src/taskStore.js
FN:4,(anonymous_0)
FN:8,(anonymous_1)
FN:14,(anonymous_2)
FN:16,(anonymous_3)
FN:25,(anonymous_4)
FN:26,(anonymous_5)
FN:34,(anonymous_6)
FN:35,(anonymous_7)
FN:41,(anonymous_8)
FN:46,(anonymous_9)
FN:48,(anonymous_10)
FN:51,(anonymous_11)
FN:69,(anonymous_12)
FNF:13
FNH:12
FNDA:2,(anonymous_0)
FNDA:5,(anonymous_1)
FNDA:3,(anonymous_2)
FNDA:0,(anonymous_3)
FNDA:2,(anonymous_4)
FNDA:4,(anonymous_5)
FNDA:3,(anonymous_6)
FNDA:3,(anonymous_7)
FNDA:2,(anonymous_8)
FNDA:44,(anonymous_9)
FNDA:11,(anonymous_10)
FNDA:18,(anonymous_11)
FNDA:12,(anonymous_12)
DA:5,2
DA:8,2
DA:9,5
DA:10,5
DA:11,5
DA:14,2
DA:15,3
DA:16,0
DA:18,3
DA:20,3
DA:21,3
DA:22,3
DA:25,2
DA:26,2
DA:27,4
DA:28,4
DA:30,2
DA:31,2
DA:34,2
DA:35,3
DA:36,3
DA:37,3
DA:41,2
DA:42,2
DA:43,2
DA:46,44
DA:48,2
DA:49,11
DA:50,11
DA:51,11
DA:52,18
DA:61,11
DA:62,10
DA:63,10
DA:64,10
DA:65,10
DA:69,2
DA:70,12
LF:38
LH:37
BRDA:5,0,0,2
BRDA:5,0,1,2
BRDA:8,1,0,5
BRDA:14,2,0,0
BRDA:14,3,0,0
BRDA:15,4,0,0
BRDA:15,4,1,3
BRDA:18,5,0,3
BRDA:18,5,1,0
BRDA:27,6,0,2
BRDA:27,6,1,2
BRDA:27,7,0,4
BRDA:27,7,1,2
BRDA:53,8,0,2
BRDA:53,8,1,16
BRDA:54,9,0,2
BRDA:54,9,1,16
BRDA:61,10,0,10
BRDA:61,10,1,1
BRF:19
BRH:15
end_of_record
